This is pdfTeX, Version 3.14159265-2.6-1.40.16 (TeX Live 2015/Debian) (preloaded format=pdflatex 2017.8.23)  23 AUG 2017 15:37
entering extended mode
 restricted \write18 enabled.
 %&-line parsing enabled.
**fmg215_msc_rep.tex
(./fmg215_msc_rep.tex
LaTeX2e <2016/02/01>
Babel <3.9q> and hyphenation patterns for 5 language(s) loaded.
(/usr/share/texlive/texmf-dist/tex/latex/base/report.cls
Document Class: report 2014/09/29 v1.4h Standard LaTeX document class
(/usr/share/texlive/texmf-dist/tex/latex/base/size11.clo
File: size11.clo 2014/09/29 v1.4h Standard LaTeX file (size option)
)
\c@part=\count79
\c@chapter=\count80
\c@section=\count81
\c@subsection=\count82
\c@subsubsection=\count83
\c@paragraph=\count84
\c@subparagraph=\count85
\c@figure=\count86
\c@table=\count87
\abovecaptionskip=\skip41
\belowcaptionskip=\skip42
\bibindent=\dimen102
)
(/usr/share/texlive/texmf-dist/tex/latex/amsmath/amsmath.sty
Package: amsmath 2016/03/03 v2.15a AMS math features
\@mathmargin=\skip43

For additional information on amsmath, use the `?' option.
(/usr/share/texlive/texmf-dist/tex/latex/amsmath/amstext.sty
Package: amstext 2000/06/29 v2.01 AMS text

(/usr/share/texlive/texmf-dist/tex/latex/amsmath/amsgen.sty
File: amsgen.sty 1999/11/30 v2.0 generic functions
\@emptytoks=\toks14
\ex@=\dimen103
))
(/usr/share/texlive/texmf-dist/tex/latex/amsmath/amsbsy.sty
Package: amsbsy 1999/11/29 v1.2d Bold Symbols
\pmbraise@=\dimen104
)
(/usr/share/texlive/texmf-dist/tex/latex/amsmath/amsopn.sty
Package: amsopn 1999/12/14 v2.01 operator names
)
\inf@bad=\count88
LaTeX Info: Redefining \frac on input line 199.
\uproot@=\count89
\leftroot@=\count90
LaTeX Info: Redefining \overline on input line 297.
\classnum@=\count91
\DOTSCASE@=\count92
LaTeX Info: Redefining \ldots on input line 394.
LaTeX Info: Redefining \dots on input line 397.
LaTeX Info: Redefining \cdots on input line 518.
\Mathstrutbox@=\box26
\strutbox@=\box27
\big@size=\dimen105
LaTeX Font Info:    Redeclaring font encoding OML on input line 630.
LaTeX Font Info:    Redeclaring font encoding OMS on input line 631.
\macc@depth=\count93
\c@MaxMatrixCols=\count94
\dotsspace@=\muskip10
\c@parentequation=\count95
\dspbrk@lvl=\count96
\tag@help=\toks15
\row@=\count97
\column@=\count98
\maxfields@=\count99
\andhelp@=\toks16
\eqnshift@=\dimen106
\alignsep@=\dimen107
\tagshift@=\dimen108
\tagwidth@=\dimen109
\totwidth@=\dimen110
\lineht@=\dimen111
\@envbody=\toks17
\multlinegap=\skip44
\multlinetaggap=\skip45
\mathdisplay@stack=\toks18
LaTeX Info: Redefining \[ on input line 2735.
LaTeX Info: Redefining \] on input line 2736.
)
(/usr/share/texlive/texmf-dist/tex/latex/amscls/amsthm.sty
Package: amsthm 2015/03/04 v2.20.2
\thm@style=\toks19
\thm@bodyfont=\toks20
\thm@headfont=\toks21
\thm@notefont=\toks22
\thm@headpunct=\toks23
\thm@preskip=\skip46
\thm@postskip=\skip47
\thm@headsep=\skip48
\dth@everypar=\toks24
)
(/usr/share/texlive/texmf-dist/tex/latex/amsfonts/amssymb.sty
Package: amssymb 2013/01/14 v3.01 AMS font symbols

(/usr/share/texlive/texmf-dist/tex/latex/amsfonts/amsfonts.sty
Package: amsfonts 2013/01/14 v3.01 Basic AMSFonts support
\symAMSa=\mathgroup4
\symAMSb=\mathgroup5
LaTeX Font Info:    Overwriting math alphabet `\mathfrak' in version `bold'
(Font)                  U/euf/m/n --> U/euf/b/n on input line 106.
))
(/usr/share/texlive/texmf-dist/tex/latex/graphics/graphicx.sty
Package: graphicx 2014/10/28 v1.0g Enhanced LaTeX Graphics (DPC,SPQR)

(/usr/share/texlive/texmf-dist/tex/latex/graphics/keyval.sty
Package: keyval 2014/10/28 v1.15 key=value parser (DPC)
\KV@toks@=\toks25
)
(/usr/share/texlive/texmf-dist/tex/latex/graphics/graphics.sty
Package: graphics 2016/01/03 v1.0q Standard LaTeX Graphics (DPC,SPQR)

(/usr/share/texlive/texmf-dist/tex/latex/graphics/trig.sty
Package: trig 2016/01/03 v1.10 sin cos tan (DPC)
)
(/usr/share/texlive/texmf-dist/tex/latex/latexconfig/graphics.cfg
File: graphics.cfg 2010/04/23 v1.9 graphics configuration of TeX Live
)
Package graphics Info: Driver file: pdftex.def on input line 95.

(/usr/share/texlive/texmf-dist/tex/latex/pdftex-def/pdftex.def
File: pdftex.def 2011/05/27 v0.06d Graphics/color for pdfTeX

(/usr/share/texlive/texmf-dist/tex/generic/oberdiek/infwarerr.sty
Package: infwarerr 2010/04/08 v1.3 Providing info/warning/error messages (HO)
)
(/usr/share/texlive/texmf-dist/tex/generic/oberdiek/ltxcmds.sty
Package: ltxcmds 2011/11/09 v1.22 LaTeX kernel commands for general use (HO)
)
\Gread@gobject=\count100
))
\Gin@req@height=\dimen112
\Gin@req@width=\dimen113
)
(/usr/share/texlive/texmf-dist/tex/latex/natbib/natbib.sty
Package: natbib 2010/09/13 8.31b (PWD, AO)
\bibhang=\skip49
\bibsep=\skip50
LaTeX Info: Redefining \cite on input line 694.
\c@NAT@ctr=\count101
)
(/usr/share/texlive/texmf-dist/tex/latex/appendix/appendix.sty
Package: appendix 2009/09/02 v1.2b extra appendix facilities
\c@@pps=\count102
\c@@ppsavesec=\count103
\c@@ppsaveapp=\count104
)
(/usr/share/texlive/texmf-dist/tex/latex/nomencl/nomencl.sty
Package: nomencl 2005/09/22 v4.2 Nomenclature package (LN)
\nomlabelwidth=\dimen114
\nom@tempdim=\dimen115
\nomitemsep=\skip51
)
(/usr/share/texlive/texmf-dist/tex/latex/setspace/setspace.sty
Package: setspace 2011/12/19 v6.7a set line spacing
)
(/usr/share/texlive/texmf-dist/tex/latex/geometry/geometry.sty
Package: geometry 2010/09/12 v5.6 Page Geometry

(/usr/share/texlive/texmf-dist/tex/generic/oberdiek/ifpdf.sty
Package: ifpdf 2011/01/30 v2.3 Provides the ifpdf switch (HO)
Package ifpdf Info: pdfTeX in PDF mode is detected.
)
(/usr/share/texlive/texmf-dist/tex/generic/oberdiek/ifvtex.sty
Package: ifvtex 2010/03/01 v1.5 Detect VTeX and its facilities (HO)
Package ifvtex Info: VTeX not detected.
)
(/usr/share/texlive/texmf-dist/tex/generic/ifxetex/ifxetex.sty
Package: ifxetex 2010/09/12 v0.6 Provides ifxetex conditional
)
\Gm@cnth=\count105
\Gm@cntv=\count106
\c@Gm@tempcnt=\count107
\Gm@bindingoffset=\dimen116
\Gm@wd@mp=\dimen117
\Gm@odd@mp=\dimen118
\Gm@even@mp=\dimen119
\Gm@layoutwidth=\dimen120
\Gm@layoutheight=\dimen121
\Gm@layouthoffset=\dimen122
\Gm@layoutvoffset=\dimen123
\Gm@dimlist=\toks26
)
(/usr/share/texlive/texmf-dist/tex/latex/hyperref/hyperref.sty
Package: hyperref 2012/11/06 v6.83m Hypertext links for LaTeX

(/usr/share/texlive/texmf-dist/tex/generic/oberdiek/hobsub-hyperref.sty
Package: hobsub-hyperref 2012/05/28 v1.13 Bundle oberdiek, subset hyperref (HO)


(/usr/share/texlive/texmf-dist/tex/generic/oberdiek/hobsub-generic.sty
Package: hobsub-generic 2012/05/28 v1.13 Bundle oberdiek, subset generic (HO)
Package: hobsub 2012/05/28 v1.13 Construct package bundles (HO)
Package hobsub Info: Skipping package `infwarerr' (already loaded).
Package hobsub Info: Skipping package `ltxcmds' (already loaded).
Package: ifluatex 2010/03/01 v1.3 Provides the ifluatex switch (HO)
Package ifluatex Info: LuaTeX not detected.
Package hobsub Info: Skipping package `ifvtex' (already loaded).
Package: intcalc 2007/09/27 v1.1 Expandable calculations with integers (HO)
Package hobsub Info: Skipping package `ifpdf' (already loaded).
Package: etexcmds 2011/02/16 v1.5 Avoid name clashes with e-TeX commands (HO)
Package etexcmds Info: Could not find \expanded.
(etexcmds)             That can mean that you are not using pdfTeX 1.50 or
(etexcmds)             that some package has redefined \expanded.
(etexcmds)             In the latter case, load this package earlier.
Package: kvsetkeys 2012/04/25 v1.16 Key value parser (HO)
Package: kvdefinekeys 2011/04/07 v1.3 Define keys (HO)
Package: pdftexcmds 2011/11/29 v0.20 Utility functions of pdfTeX for LuaTeX (HO
)
Package pdftexcmds Info: LuaTeX not detected.
Package pdftexcmds Info: \pdf@primitive is available.
Package pdftexcmds Info: \pdf@ifprimitive is available.
Package pdftexcmds Info: \pdfdraftmode found.
Package: pdfescape 2011/11/25 v1.13 Implements pdfTeX's escape features (HO)
Package: bigintcalc 2012/04/08 v1.3 Expandable calculations on big integers (HO
)
Package: bitset 2011/01/30 v1.1 Handle bit-vector datatype (HO)
Package: uniquecounter 2011/01/30 v1.2 Provide unlimited unique counter (HO)
)
Package hobsub Info: Skipping package `hobsub' (already loaded).
Package: letltxmacro 2010/09/02 v1.4 Let assignment for LaTeX macros (HO)
Package: hopatch 2012/05/28 v1.2 Wrapper for package hooks (HO)
Package: xcolor-patch 2011/01/30 xcolor patch
Package: atveryend 2011/06/30 v1.8 Hooks at the very end of document (HO)
Package atveryend Info: \enddocument detected (standard20110627).
Package: atbegshi 2011/10/05 v1.16 At begin shipout hook (HO)
Package: refcount 2011/10/16 v3.4 Data extraction from label references (HO)
Package: hycolor 2011/01/30 v1.7 Color options for hyperref/bookmark (HO)
)
(/usr/share/texlive/texmf-dist/tex/latex/oberdiek/auxhook.sty
Package: auxhook 2011/03/04 v1.3 Hooks for auxiliary files (HO)
)
(/usr/share/texlive/texmf-dist/tex/latex/oberdiek/kvoptions.sty
Package: kvoptions 2011/06/30 v3.11 Key value format for package options (HO)
)
\@linkdim=\dimen124
\Hy@linkcounter=\count108
\Hy@pagecounter=\count109

(/usr/share/texlive/texmf-dist/tex/latex/hyperref/pd1enc.def
File: pd1enc.def 2012/11/06 v6.83m Hyperref: PDFDocEncoding definition (HO)
)
\Hy@SavedSpaceFactor=\count110

(/usr/share/texlive/texmf-dist/tex/latex/latexconfig/hyperref.cfg
File: hyperref.cfg 2002/06/06 v1.2 hyperref configuration of TeXLive
)
Package hyperref Info: Hyper figures OFF on input line 4443.
Package hyperref Info: Link nesting OFF on input line 4448.
Package hyperref Info: Hyper index ON on input line 4451.
Package hyperref Info: Plain pages OFF on input line 4458.
Package hyperref Info: Backreferencing OFF on input line 4463.
Package hyperref Info: Implicit mode ON; LaTeX internals redefined.
Package hyperref Info: Bookmarks ON on input line 4688.
\c@Hy@tempcnt=\count111

(/usr/share/texlive/texmf-dist/tex/latex/url/url.sty
\Urlmuskip=\muskip11
Package: url 2013/09/16  ver 3.4  Verb mode for urls, etc.
)
LaTeX Info: Redefining \url on input line 5041.
\XeTeXLinkMargin=\dimen125
\Fld@menulength=\count112
\Field@Width=\dimen126
\Fld@charsize=\dimen127
Package hyperref Info: Hyper figures OFF on input line 6295.
Package hyperref Info: Link nesting OFF on input line 6300.
Package hyperref Info: Hyper index ON on input line 6303.
Package hyperref Info: backreferencing OFF on input line 6310.
Package hyperref Info: Link coloring OFF on input line 6315.
Package hyperref Info: Link coloring with OCG OFF on input line 6320.
Package hyperref Info: PDF/A mode OFF on input line 6325.
LaTeX Info: Redefining \ref on input line 6365.
LaTeX Info: Redefining \pageref on input line 6369.
\Hy@abspage=\count113
\c@Item=\count114
\c@Hfootnote=\count115
)

Package hyperref Message: Driver (autodetected): hpdftex.

(/usr/share/texlive/texmf-dist/tex/latex/hyperref/hpdftex.def
File: hpdftex.def 2012/11/06 v6.83m Hyperref driver for pdfTeX
\Fld@listcount=\count116
\c@bookmark@seq@number=\count117

(/usr/share/texlive/texmf-dist/tex/latex/oberdiek/rerunfilecheck.sty
Package: rerunfilecheck 2011/04/15 v1.7 Rerun checks for auxiliary files (HO)
Package uniquecounter Info: New unique counter `rerunfilecheck' on input line 2
82.
)
\Hy@SectionHShift=\skip52
)
(/usr/share/texlive/texmf-dist/tex/latex/caption/subcaption.sty
Package: subcaption 2016/02/20 v1.1-142 Sub-captions (AR)

(/usr/share/texlive/texmf-dist/tex/latex/caption/caption.sty
Package: caption 2016/02/21 v3.3-144 Customizing captions (AR)

(/usr/share/texlive/texmf-dist/tex/latex/caption/caption3.sty
Package: caption3 2016/02/04 v1.7-139 caption3 kernel (AR)
Package caption3 Info: TeX engine: e-TeX on input line 67.
\captionmargin=\dimen128
\captionmargin@=\dimen129
\captionwidth=\dimen130
\caption@tempdima=\dimen131
\caption@indent=\dimen132
\caption@parindent=\dimen133
\caption@hangindent=\dimen134
)
\c@ContinuedFloat=\count118
Package caption Info: hyperref package is loaded.
)
\c@subfigure=\count119
\c@subtable=\count120
)
(/usr/share/texlive/texmf-dist/tex/latex/xcolor/xcolor.sty
Package: xcolor 2007/01/21 v2.11 LaTeX color extensions (UK)

(/usr/share/texlive/texmf-dist/tex/latex/latexconfig/color.cfg
File: color.cfg 2007/01/18 v1.5 color configuration of teTeX/TeXLive
)
Package xcolor Info: Driver file: pdftex.def on input line 225.
Package xcolor Info: Model `cmy' substituted by `cmy0' on input line 1337.
Package xcolor Info: Model `hsb' substituted by `rgb' on input line 1341.
Package xcolor Info: Model `RGB' extended on input line 1353.
Package xcolor Info: Model `HTML' substituted by `rgb' on input line 1355.
Package xcolor Info: Model `Hsb' substituted by `hsb' on input line 1356.
Package xcolor Info: Model `tHsb' substituted by `hsb' on input line 1357.
Package xcolor Info: Model `HSB' substituted by `hsb' on input line 1358.
Package xcolor Info: Model `Gray' substituted by `gray' on input line 1359.
Package xcolor Info: Model `wave' substituted by `hsb' on input line 1360.
)
(/usr/share/texmf/tex/latex/lm/lmodern.sty
Package: lmodern 2009/10/30 v1.6 Latin Modern Fonts
LaTeX Font Info:    Overwriting symbol font `operators' in version `normal'
(Font)                  OT1/cmr/m/n --> OT1/lmr/m/n on input line 22.
LaTeX Font Info:    Overwriting symbol font `letters' in version `normal'
(Font)                  OML/cmm/m/it --> OML/lmm/m/it on input line 23.
LaTeX Font Info:    Overwriting symbol font `symbols' in version `normal'
(Font)                  OMS/cmsy/m/n --> OMS/lmsy/m/n on input line 24.
LaTeX Font Info:    Overwriting symbol font `largesymbols' in version `normal'
(Font)                  OMX/cmex/m/n --> OMX/lmex/m/n on input line 25.
LaTeX Font Info:    Overwriting symbol font `operators' in version `bold'
(Font)                  OT1/cmr/bx/n --> OT1/lmr/bx/n on input line 26.
LaTeX Font Info:    Overwriting symbol font `letters' in version `bold'
(Font)                  OML/cmm/b/it --> OML/lmm/b/it on input line 27.
LaTeX Font Info:    Overwriting symbol font `symbols' in version `bold'
(Font)                  OMS/cmsy/b/n --> OMS/lmsy/b/n on input line 28.
LaTeX Font Info:    Overwriting symbol font `largesymbols' in version `bold'
(Font)                  OMX/cmex/m/n --> OMX/lmex/m/n on input line 29.
LaTeX Font Info:    Overwriting math alphabet `\mathbf' in version `normal'
(Font)                  OT1/cmr/bx/n --> OT1/lmr/bx/n on input line 31.
LaTeX Font Info:    Overwriting math alphabet `\mathsf' in version `normal'
(Font)                  OT1/cmss/m/n --> OT1/lmss/m/n on input line 32.
LaTeX Font Info:    Overwriting math alphabet `\mathit' in version `normal'
(Font)                  OT1/cmr/m/it --> OT1/lmr/m/it on input line 33.
LaTeX Font Info:    Overwriting math alphabet `\mathtt' in version `normal'
(Font)                  OT1/cmtt/m/n --> OT1/lmtt/m/n on input line 34.
LaTeX Font Info:    Overwriting math alphabet `\mathbf' in version `bold'
(Font)                  OT1/cmr/bx/n --> OT1/lmr/bx/n on input line 35.
LaTeX Font Info:    Overwriting math alphabet `\mathsf' in version `bold'
(Font)                  OT1/cmss/bx/n --> OT1/lmss/bx/n on input line 36.
LaTeX Font Info:    Overwriting math alphabet `\mathit' in version `bold'
(Font)                  OT1/cmr/bx/it --> OT1/lmr/bx/it on input line 37.
LaTeX Font Info:    Overwriting math alphabet `\mathtt' in version `bold'
(Font)                  OT1/cmtt/m/n --> OT1/lmtt/m/n on input line 38.
)
(/usr/share/texlive/texmf-dist/tex/latex/listings/listings.sty
\lst@mode=\count121
\lst@gtempboxa=\box28
\lst@token=\toks27
\lst@length=\count122
\lst@currlwidth=\dimen135
\lst@column=\count123
\lst@pos=\count124
\lst@lostspace=\dimen136
\lst@width=\dimen137
\lst@newlines=\count125
\lst@lineno=\count126
\lst@maxwidth=\dimen138

(/usr/share/texlive/texmf-dist/tex/latex/listings/lstmisc.sty
File: lstmisc.sty 2015/06/04 1.6 (Carsten Heinz)
\c@lstnumber=\count127
\lst@skipnumbers=\count128
\lst@framebox=\box29
)
(/usr/share/texlive/texmf-dist/tex/latex/listings/listings.cfg
File: listings.cfg 2015/06/04 1.6 listings configuration
))
Package: listings 2015/06/04 1.6 (Carsten Heinz)

(/usr/share/texlive/texmf-dist/tex/latex/tools/multicol.sty
Package: multicol 2015/08/19 v1.8n multicolumn formatting (FMi)
\c@tracingmulticols=\count129
\mult@box=\box30
\multicol@leftmargin=\dimen139
\c@unbalance=\count130
\c@collectmore=\count131
\doublecol@number=\count132
\multicoltolerance=\count133
\multicolpretolerance=\count134
\full@width=\dimen140
\page@free=\dimen141
\premulticols=\dimen142
\postmulticols=\dimen143
\multicolsep=\skip53
\multicolbaselineskip=\skip54
\partial@page=\box31
\last@line=\box32
\maxbalancingoverflow=\dimen144
\mult@rightbox=\box33
\mult@grightbox=\box34
\mult@gfirstbox=\box35
\mult@firstbox=\box36
\@tempa=\box37
\@tempa=\box38
\@tempa=\box39
\@tempa=\box40
\@tempa=\box41
\@tempa=\box42
\@tempa=\box43
\@tempa=\box44
\@tempa=\box45
\@tempa=\box46
\@tempa=\box47
\@tempa=\box48
\@tempa=\box49
\@tempa=\box50
\@tempa=\box51
\@tempa=\box52
\@tempa=\box53
\c@columnbadness=\count135
\c@finalcolumnbadness=\count136
\last@try=\dimen145
\multicolovershoot=\dimen146
\multicolundershoot=\dimen147
\mult@nat@firstbox=\box54
\colbreak@box=\box55
\mc@col@check@num=\count137
)
(/usr/share/texlive/texmf-dist/tex/latex/listings/lstlang1.sty
File: lstlang1.sty 2015/06/04 1.6 listings language file
)
(/usr/share/texlive/texmf-dist/tex/latex/listings/lstlang1.sty
File: lstlang1.sty 2015/06/04 1.6 listings language file
)
(/usr/share/texlive/texmf-dist/tex/latex/listings/lstlang1.sty
File: lstlang1.sty 2015/06/04 1.6 listings language file
)
(/usr/share/texlive/texmf-dist/tex/latex/listings/lstlang1.sty
File: lstlang1.sty 2015/06/04 1.6 listings language file
)
(/usr/share/texlive/texmf-dist/tex/latex/listings/lstmisc.sty
File: lstmisc.sty 2015/06/04 1.6 (Carsten Heinz)
)
\@nomenclaturefile=\write3
\openout3 = `fmg215_msc_rep.nlo'.


Writing nomenclature file fmg215_msc_rep.nlo
(/home/fmg215/Documents/latex/symbols.tex
\MiniPageLeft=\skip55
\MiniPageRight=\skip56
\MiniPageSmall=\skip57
\ThisFigureWidth=\skip58
\WidthFull=\skip59
\WidthOneVeryLarge=\skip60
\WidthOneLarge=\skip61
\WidthOne=\skip62
\WidthOneSmall=\skip63
\WidthOneVerySmall=\skip64
\WidthTwo=\skip65
\WidthTwoVeryLarge=\skip66
\WidthTwoSmall=\skip67
\WidthTwoVerySmall=\skip68
\WidthThreeLarge=\skip69
\WidthThree=\skip70
\WidthThreeSmall=\skip71
\WidthThreeVerySmall=\skip72
\WidthFour=\skip73
\WidthFourSmall=\skip74
\WidthFive=\skip75
\WidthSix=\skip76
\WidthTest=\skip77
\WidthSpaceTwo=\skip78
\WidthSpaceThree=\skip79
\WidthSpaceFour=\skip80
) (./fmg215_msc_rep.aux

LaTeX Warning: Label `tab:equation_solver_relation' multiply defined.


LaTeX Warning: Label `tab:driver_simulation_relation' multiply defined.


LaTeX Warning: Label `fig:problemSpecification' multiply defined.


LaTeX Warning: Label `fig:problemSpecification' multiply defined.


LaTeX Warning: Label `fig:problemSpecification' multiply defined.

)
\openout1 = `fmg215_msc_rep.aux'.

LaTeX Font Info:    Checking defaults for OML/cmm/m/it on input line 110.
LaTeX Font Info:    ... okay on input line 110.
LaTeX Font Info:    Checking defaults for T1/cmr/m/n on input line 110.
LaTeX Font Info:    ... okay on input line 110.
LaTeX Font Info:    Checking defaults for OT1/cmr/m/n on input line 110.
LaTeX Font Info:    ... okay on input line 110.
LaTeX Font Info:    Checking defaults for OMS/cmsy/m/n on input line 110.
LaTeX Font Info:    ... okay on input line 110.
LaTeX Font Info:    Checking defaults for OMX/cmex/m/n on input line 110.
LaTeX Font Info:    ... okay on input line 110.
LaTeX Font Info:    Checking defaults for U/cmr/m/n on input line 110.
LaTeX Font Info:    ... okay on input line 110.
LaTeX Font Info:    Checking defaults for PD1/pdf/m/n on input line 110.
LaTeX Font Info:    ... okay on input line 110.
LaTeX Font Info:    Try loading font information for OT1+lmr on input line 110.

 (/usr/share/texmf/tex/latex/lm/ot1lmr.fd
File: ot1lmr.fd 2009/10/30 v1.6 Font defs for Latin Modern
)
(/usr/share/texlive/texmf-dist/tex/context/base/supp-pdf.mkii
[Loading MPS to PDF converter (version 2006.09.02).]
\scratchcounter=\count138
\scratchdimen=\dimen148
\scratchbox=\box56
\nofMPsegments=\count139
\nofMParguments=\count140
\everyMPshowfont=\toks28
\MPscratchCnt=\count141
\MPscratchDim=\dimen149
\MPnumerator=\count142
\makeMPintoPDFobject=\count143
\everyMPtoPDFconversion=\toks29
) (/usr/share/texlive/texmf-dist/tex/latex/oberdiek/epstopdf-base.sty
Package: epstopdf-base 2010/02/09 v2.5 Base part for package epstopdf

(/usr/share/texlive/texmf-dist/tex/latex/oberdiek/grfext.sty
Package: grfext 2010/08/19 v1.1 Manage graphics extensions (HO)
)
Package grfext Info: Graphics extension search list:
(grfext)             [.pdf,.PDF,.jpg,.JPG,.bmp,.png,.EPS,.eps]
(grfext)             \AppendGraphicsExtensions on input line 452.

(/usr/share/texlive/texmf-dist/tex/latex/latexconfig/epstopdf-sys.cfg
File: epstopdf-sys.cfg 2010/07/13 v1.3 Configuration of (r)epstopdf for TeX Liv
e
))
*geometry* driver: auto-detecting
*geometry* detected driver: pdftex
*geometry* verbose mode - [ preamble ] result:
* driver: pdftex
* paper: a4paper
* layout: <same size as paper>
* layoutoffset:(h,v)=(0.0pt,0.0pt)
* modes: 
* h-part:(L,W,R)=(56.9055pt, 483.69684pt, 56.90553pt)
* v-part:(T,H,B)=(56.9055pt, 731.23582pt, 56.90552pt)
* \paperwidth=597.50787pt
* \paperheight=845.04684pt
* \textwidth=483.69684pt
* \textheight=731.23582pt
* \oddsidemargin=-15.36449pt
* \evensidemargin=-15.36449pt
* \topmargin=-52.36449pt
* \headheight=12.0pt
* \headsep=25.0pt
* \topskip=11.0pt
* \footskip=30.0pt
* \marginparwidth=50.0pt
* \marginparsep=10.0pt
* \columnsep=10.0pt
* \skip\footins=10.0pt plus 4.0pt minus 2.0pt
* \hoffset=0.0pt
* \voffset=0.0pt
* \mag=1000
* \@twocolumnfalse
* \@twosidefalse
* \@mparswitchfalse
* \@reversemarginfalse
* (1in=72.27pt=25.4mm, 1cm=28.453pt)

\AtBeginShipoutBox=\box57
Package hyperref Info: Link coloring OFF on input line 110.
(/usr/share/texlive/texmf-dist/tex/latex/hyperref/nameref.sty
Package: nameref 2012/10/27 v2.43 Cross-referencing by name of section

(/usr/share/texlive/texmf-dist/tex/generic/oberdiek/gettitlestring.sty
Package: gettitlestring 2010/12/03 v1.4 Cleanup title references (HO)
)
\c@section@level=\count144
)
LaTeX Info: Redefining \ref on input line 110.
LaTeX Info: Redefining \pageref on input line 110.
LaTeX Info: Redefining \nameref on input line 110.

(./fmg215_msc_rep.out) (./fmg215_msc_rep.out)
\@outlinefile=\write4
\openout4 = `fmg215_msc_rep.out'.

Package caption Info: Begin \AtBeginDocument code.
Package caption Info: listings package is loaded.
Package caption Info: End \AtBeginDocument code.
\c@lstlisting=\count145
Package epstopdf Info: Source file: <./images/imp_logo.eps>
(epstopdf)                    date: 2017-08-14 11:22:51
(epstopdf)                    size: 310981 bytes
(epstopdf)             Output file: <./images/imp_logo-eps-converted-to.pdf>
(epstopdf)                    date: 2017-08-14 11:24:39
(epstopdf)                    size: 16089 bytes
(epstopdf)             Command: <repstopdf --outfile=./images/imp_logo-eps-conv
erted-to.pdf ./images/imp_logo.eps>
(epstopdf)             \includegraphics on input line 111.
Package epstopdf Info: Output file is already uptodate.

<./images/imp_logo-eps-converted-to.pdf, id=180, 362.35374pt x 95.35625pt>
File: ./images/imp_logo-eps-converted-to.pdf Graphic file (type pdf)

<use ./images/imp_logo-eps-converted-to.pdf>
Package pdftex.def Info: ./images/imp_logo-eps-converted-to.pdf used on input l
ine 111.
(pdftex.def)             Requested size: 308.35895pt x 81.14775pt.

Underfull \hbox (badness 10000) in paragraph at lines 111--111

 []


Underfull \hbox (badness 10000) in paragraph at lines 111--111

 []

[1

{/var/lib/texmf/fonts/map/pdftex/updmap/pdftex.map} <./images/imp_logo-eps-conv
erted-to.pdf>] [2] [3

] (./fmg215_msc_rep.toc
LaTeX Font Info:    Try loading font information for OML+lmm on input line 4.

(/usr/share/texmf/tex/latex/lm/omllmm.fd
File: omllmm.fd 2009/10/30 v1.6 Font defs for Latin Modern
)
LaTeX Font Info:    Try loading font information for OMS+lmsy on input line 4.

(/usr/share/texmf/tex/latex/lm/omslmsy.fd
File: omslmsy.fd 2009/10/30 v1.6 Font defs for Latin Modern
)
LaTeX Font Info:    Try loading font information for OMX+lmex on input line 4.

(/usr/share/texmf/tex/latex/lm/omxlmex.fd
File: omxlmex.fd 2009/10/30 v1.6 Font defs for Latin Modern
)
LaTeX Font Info:    External font `lmex10' loaded for size
(Font)              <10.95> on input line 4.
LaTeX Font Info:    External font `lmex10' loaded for size
(Font)              <8> on input line 4.
LaTeX Font Info:    External font `lmex10' loaded for size
(Font)              <6> on input line 4.
LaTeX Font Info:    Try loading font information for U+msa on input line 4.

(/usr/share/texlive/texmf-dist/tex/latex/amsfonts/umsa.fd
File: umsa.fd 2013/01/14 v3.01 AMS symbols A
)
LaTeX Font Info:    Try loading font information for U+msb on input line 4.

(/usr/share/texlive/texmf-dist/tex/latex/amsfonts/umsb.fd
File: umsb.fd 2013/01/14 v3.01 AMS symbols B
) [4

])
\tf@toc=\write5
\openout5 = `fmg215_msc_rep.toc'.


(./fmg215_msc_rep.nls [5]) [6

] (./fmg215_msc_rep.lof [7

])
\tf@lof=\write6
\openout6 = `fmg215_msc_rep.lof'.

 [8]
(./fmg215_msc_rep.lot)
\tf@lot=\write7
\openout7 = `fmg215_msc_rep.lot'.

 [9

]
Chapter 1.
<./images/venn_diagram.png, id=377, 578.16pt x 433.62pt>
File: ./images/venn_diagram.png Graphic file (type png)

<use ./images/venn_diagram.png>
Package pdftex.def Info: ./images/venn_diagram.png used on input line 175.
(pdftex.def)             Requested size: 362.77263pt x 268.37119pt.
 [1

 <./images/venn_diagram.png>] [2]
Chapter 2.
LaTeX Font Info:    Try loading font information for OMS+lmr on input line 194.

(/usr/share/texmf/tex/latex/lm/omslmr.fd
File: omslmr.fd 2009/10/30 v1.6 Font defs for Latin Modern
)
LaTeX Font Info:    Font shape `OMS/lmr/m/n' in size <10.95> not available
(Font)              Font shape `OMS/lmsy/m/n' tried instead on input line 194.
 [3

]
Chapter 3.
<./images/TemPSS_interface.png, id=414, 1154.3125pt x 655.44875pt>
File: ./images/TemPSS_interface.png Graphic file (type png)

<use ./images/TemPSS_interface.png>
Package pdftex.def Info: ./images/TemPSS_interface.png used on input line 230.
(pdftex.def)             Requested size: 411.14526pt x 233.46103pt.
 [4

]
LaTeX Font Info:    Try loading font information for OT1+lmtt on input line 245
.

(/usr/share/texmf/tex/latex/lm/ot1lmtt.fd
File: ot1lmtt.fd 2009/10/30 v1.6 Font defs for Latin Modern
)
Package hyperref Info: bookmark level for unknown lstlisting defaults to 0 on i
nput line 249.
 (./data/simple.xml) [5 <./images/TemPSS_interface.png>]
<./images/force_tree.png, id=436, 534.99875pt x 359.3425pt>
File: ./images/force_tree.png Graphic file (type png)

<use ./images/force_tree.png>
Package pdftex.def Info: ./images/force_tree.png used on input line 260.
(pdftex.def)             Requested size: 362.77263pt x 243.67523pt.
 [6 <./images/force_tree.png>] (./data/type.xml)
(./data/transform_parent.xml) [7] (./data/transform_child.xml)
(./data/transform_final.xml) (./data/xml_output.xml) [8]
<./images/documentation.png, id=535, 610.28pt x 303.1325pt>
File: ./images/documentation.png Graphic file (type png)

<use ./images/documentation.png>
Package pdftex.def Info: ./images/documentation.png used on input line 329.
(pdftex.def)             Requested size: 362.77263pt x 180.19725pt.
 [9] [10 <./images/documentation.png>] [11]
<./images/problem_spec.png, id=569, 415.5525pt x 212.795pt>
File: ./images/problem_spec.png Graphic file (type png)

<use ./images/problem_spec.png>
Package pdftex.def Info: ./images/problem_spec.png used on input line 381.
(pdftex.def)             Requested size: 241.84842pt x 123.84328pt.

<./images/numerical_spec.png, id=570, 423.5825pt x 221.82875pt>
File: ./images/numerical_spec.png Graphic file (type png)

<use ./images/numerical_spec.png>
Package pdftex.def Info: ./images/numerical_spec.png used on input line 387.
(pdftex.def)             Requested size: 241.84842pt x 126.65355pt.

Underfull \hbox (badness 10000) in paragraph at lines 406--407

 []


Underfull \hbox (badness 10000) in paragraph at lines 407--408

 []

[12 <./images/problem_spec.png> <./images/numerical_spec.png>]
Chapter 4.
<./images/workflow.png, id=585, 531.9875pt x 129.48375pt>
File: ./images/workflow.png Graphic file (type png)

<use ./images/workflow.png>
Package pdftex.def Info: ./images/workflow.png used on input line 429.
(pdftex.def)             Requested size: 411.14526pt x 100.07422pt.


Package hyperref Warning: Difference (2) between bookmark levels is greater 
(hyperref)                than one, level fixed on input line 440.

(./data/constraints_variables.xml) [13

 <./images/workflow.png>]
(./data/constraints_mapping.xml)
<./images/constraint_info.png, id=599, 600.2425pt x 392.46625pt>
File: ./images/constraint_info.png Graphic file (type png)

<use ./images/constraint_info.png>
Package pdftex.def Info: ./images/constraint_info.png used on input line 463.
(pdftex.def)             Requested size: 217.6621pt x 142.31776pt.

<./images/constraint_info_2.png, id=600, 596.2275pt x 356.33125pt>
File: ./images/constraint_info_2.png Graphic file (type png)

<use ./images/constraint_info_2.png>
Package pdftex.def Info: ./images/constraint_info_2.png used on input line 469.

(pdftex.def)             Requested size: 235.80368pt x 140.926pt.
 [14] [15 <./images/constraint_info.png> <./images/constraint_info_2.png>]
<./images/VCS_2D.png, id=643, 281.05pt x 251.94125pt>
File: ./images/VCS_2D.png Graphic file (type png)

<use ./images/VCS_2D.png>
Package pdftex.def Info: ./images/VCS_2D.png used on input line 506.
(pdftex.def)             Requested size: 217.6621pt x 195.11789pt.

<./images/coupledLinear3D.png, id=644, 290.08376pt x 250.9375pt>
File: ./images/coupledLinear3D.png Graphic file (type png)

<use ./images/coupledLinear3D.png>
Package pdftex.def Info: ./images/coupledLinear3D.png used on input line 512.
(pdftex.def)             Requested size: 217.6621pt x 188.29071pt.

<./images/geometry_upload.png, id=648, 458.71375pt x 250.9375pt>
File: ./images/geometry_upload.png Graphic file (type png)

<use ./images/geometry_upload.png>
Package pdftex.def Info: ./images/geometry_upload.png used on input line 529.
(pdftex.def)             Requested size: 266.03473pt x 145.54001pt.
 [16 <./images/VCS_2D.png> <./images/coupledLinear3D.png>] <./images/dns.png, i
d=659, 465.74pt x 207.77625pt>
File: ./images/dns.png Graphic file (type png)

<use ./images/dns.png>
Package pdftex.def Info: ./images/dns.png used on input line 548.
(pdftex.def)             Requested size: 241.84842pt x 107.89207pt.

<./images/steady_stability.png, id=660, 474.77374pt x 211.79124pt>
File: ./images/steady_stability.png Graphic file (type png)

<use ./images/steady_stability.png>
Package pdftex.def Info: ./images/steady_stability.png used on input line 554.
(pdftex.def)             Requested size: 241.84842pt x 107.88606pt.
 [17 <./images/geometry_upload.png> <./images/dns.png> <./images/steady_stabili
ty.png>] [18] [19]
Overfull \hbox (1.85466pt too wide) in paragraph at lines 645--656
 [][] 
 []

[20] [21] <./images/evop_adaptiveSFD.png, id=717, 427.5975pt x 328.22626pt>
File: ./images/evop_adaptiveSFD.png Graphic file (type png)

<use ./images/evop_adaptiveSFD.png>
Package pdftex.def Info: ./images/evop_adaptiveSFD.png used on input line 762.
(pdftex.def)             Requested size: 266.03473pt x 204.20935pt.
 [22 <./images/evop_adaptiveSFD.png>]
<./images/constraint_directionality.png, id=727, 623.32875pt x 395.4775pt>
File: ./images/constraint_directionality.png Graphic file (type png)

<use ./images/constraint_directionality.png>
Package pdftex.def Info: ./images/constraint_directionality.png used on input l
ine 775.
(pdftex.def)             Requested size: 459.51051pt x 291.54445pt.
 [23 <./images/constraint_directionality.png>] [24]
Chapter 5.
[25

] <./images/naca_domain.png, id=746, 1063.975pt x 521.95pt>
File: ./images/naca_domain.png Graphic file (type png)

<use ./images/naca_domain.png>
Package pdftex.def Info: ./images/naca_domain.png used on input line 824.
(pdftex.def)             Requested size: 362.77263pt x 177.9624pt.

<./images/drag.png, id=750, 578.16pt x 433.62pt>
File: ./images/drag.png Graphic file (type png)
 <use ./images/drag.png>
Package pdftex.def Info: ./images/drag.png used on input line 833.
(pdftex.def)             Requested size: 362.77263pt x 272.07709pt.

[26 <./images/naca_domain.png> <./images/drag.png>]
<./images/t106a_domain.png, id=761, 803.0pt x 439.6425pt>
File: ./images/t106a_domain.png Graphic file (type png)

<use ./images/t106a_domain.png>
Package pdftex.def Info: ./images/t106a_domain.png used on input line 844.
(pdftex.def)             Requested size: 362.77263pt x 198.62218pt.

<./images/drag_t106a.png, id=765, 578.16pt x 433.62pt>
File: ./images/drag_t106a.png Graphic file (type png)

<use ./images/drag_t106a.png>
Package pdftex.def Info: ./images/drag_t106a.png used on input line 853.
(pdftex.def)             Requested size: 362.77263pt x 272.07709pt.

<./images/pipe_domain_real.png, id=767, 403.106pt x 78.694pt>
File: ./images/pipe_domain_real.png Graphic file (type png)

<use ./images/pipe_domain_real.png>
Package pdftex.def Info: ./images/pipe_domain_real.png used on input line 881.
(pdftex.def)             Requested size: 459.51051pt x 89.70726pt.
 [27 <./images/t106a_domain.png>]
<./images/pipe_modal.png, id=776, 578.16pt x 433.62pt>
File: ./images/pipe_modal.png Graphic file (type png)

<use ./images/pipe_modal.png>
Package pdftex.def Info: ./images/pipe_modal.png used on input line 905.
(pdftex.def)             Requested size: 459.51051pt x 344.63362pt.
 [28 <./images/drag_t106a.png> <./images/pipe_domain_real.png>] [29 <./images/p
ipe_modal.png>]
Chapter 6.
[30

] [31] (./fmg215_msc_rep.bbl) [32

]
Appendix A.
<./images/overview.png, id=814, 475.7775pt x 85.31876pt>
File: ./images/overview.png Graphic file (type png)

<use ./images/overview.png>
Package pdftex.def Info: ./images/overview.png used on input line 971.
(pdftex.def)             Requested size: 386.95894pt x 69.8121pt.

<./images/problemSpecification.png, id=816, 592.2125pt x 431.6125pt>
File: ./images/problemSpecification.png Graphic file (type png)

<use ./images/problemSpecification.png>
Package pdftex.def Info: ./images/problemSpecification.png used on input line 9
78.
(pdftex.def)             Requested size: 483.69684pt x 352.53491pt.

<./images/numericalSpecification.png, id=818, 594.22pt x 884.30376pt>
File: ./images/numericalSpecification.png Graphic file (type png)

<use ./images/numericalSpecification.png>
Package pdftex.def Info: ./images/numericalSpecification.png used on input line
 985.
(pdftex.def)             Requested size: 483.69684pt x 723.31218pt.


LaTeX Warning: Float too large for page by 15.67635pt on input line 988.

<./images/AdditionalParameters.png, id=820, 565.11125pt x 439.6425pt>
File: ./images/AdditionalParameters.png Graphic file (type png)

<use ./images/AdditionalParameters.png>
Package pdftex.def Info: ./images/AdditionalParameters.png used on input line 9
92.
(pdftex.def)             Requested size: 483.69684pt x 380.13794pt.

<./images/AdvancedParameters.png, id=822, 571.13374pt x 222.8325pt>
File: ./images/AdvancedParameters.png Graphic file (type png)

<use ./images/AdvancedParameters.png>
Package pdftex.def Info: ./images/AdvancedParameters.png used on input line 999
.
(pdftex.def)             Requested size: 483.69684pt x 189.66353pt.

<./images/optimisationb.png, id=824, 595.22375pt x 208.78pt>
File: ./images/optimisationb.png Graphic file (type png)

<use ./images/optimisationb.png>
Package pdftex.def Info: ./images/optimisationb.png used on input line 1006.
(pdftex.def)             Requested size: 483.69684pt x 171.29625pt.
 [33

 <./images/overview.png> <./images/problemSpecification.png>] [34 <./images/num
ericalSpecification.png>] [35 <./images/AdditionalParameters.png> <./images/Adv
ancedParameters.png>] [36 <./images/optimisationb.png>]
Appendix B.
<./images/constraint_mapping.png, id=855, 953.5625pt x 953.5625pt>
File: ./images/constraint_mapping.png Graphic file (type png)

<use ./images/constraint_mapping.png>
Package pdftex.def Info: ./images/constraint_mapping.png used on input line 101
6.
(pdftex.def)             Requested size: 435.32419pt x 435.32664pt.
 [37

 <./images/constraint_mapping.png>]
[38]
Appendix C.
[39

]
Appendix D.
[40

]
Appendix E.
[41

]
Package atveryend Info: Empty hook `BeforeClearDocument' on input line 1121.
 [42]
Package atveryend Info: Empty hook `AfterLastShipout' on input line 1121.
 (./fmg215_msc_rep.aux)
Package atveryend Info: Executing hook `AtVeryEndDocument' on input line 1121.
Package atveryend Info: Executing hook `AtEndAfterFileList' on input line 1121.

Package rerunfilecheck Info: File `fmg215_msc_rep.out' has not changed.
(rerunfilecheck)             Checksum: DF208A74153EC7A93B76DCF452D46B0F;3059.


LaTeX Warning: There were multiply-defined labels.

Package atveryend Info: Empty hook `AtVeryVeryEnd' on input line 1121.
 ) 
Here is how much of TeX's memory you used:
 11111 strings out of 494910
 162721 string characters out of 6179836
 397558 words of memory out of 5000000
 13873 multiletter control sequences out of 15000+600000
 67294 words of font info for 48 fonts, out of 8000000 for 9000
 36 hyphenation exceptions out of 8191
 42i,10n,58p,1125b,1153s stack positions out of 5000i,500n,10000p,200000b,80000s
{/usr/share/texmf/fonts/enc/dvips/lm/lm-mathsy.enc}{/usr/share/texmf/fonts/en
c/dvips/lm/lm-rm.enc}{/usr/share/texmf/fonts/enc/dvips/lm/lm-mathit.enc}{/usr/s
hare/texmf/fonts/enc/dvips/lm/lm-rmtt.enc}{/usr/share/texmf/fonts/enc/dvips/lm/
lm-rmsc.enc}</usr/share/texmf/fonts/type1/public/lm/lmbx10.pfb></usr/share/texm
f/fonts/type1/public/lm/lmbx12.pfb></usr/share/texmf/fonts/type1/public/lm/lmbx
8.pfb></usr/share/texmf/fonts/type1/public/lm/lmbxi10.pfb></usr/share/texmf/fon
ts/type1/public/lm/lmcsc10.pfb></usr/share/texmf/fonts/type1/public/lm/lmmi10.p
fb></usr/share/texmf/fonts/type1/public/lm/lmmi8.pfb></usr/share/texmf/fonts/ty
pe1/public/lm/lmr10.pfb></usr/share/texmf/fonts/type1/public/lm/lmr6.pfb></usr/
share/texmf/fonts/type1/public/lm/lmr8.pfb></usr/share/texmf/fonts/type1/public
/lm/lmri10.pfb></usr/share/texmf/fonts/type1/public/lm/lmri12.pfb></usr/share/t
exmf/fonts/type1/public/lm/lmsy10.pfb></usr/share/texmf/fonts/type1/public/lm/l
msy8.pfb></usr/share/texmf/fonts/type1/public/lm/lmtt10.pfb></usr/share/texlive
/texmf-dist/fonts/type1/public/amsfonts/symbols/msam10.pfb>
Output written on fmg215_msc_rep.pdf (51 pages, 1535522 bytes).
PDF statistics:
 1010 PDF objects out of 1200 (max. 8388607)
 851 compressed objects within 9 object streams
 297 named destinations out of 1000 (max. 500000)
 635 words of extra memory for PDF output out of 10000 (max. 10000000)

