\BOOKMARK [0][-]{chapter.1}{Introduction}{}% 1
\BOOKMARK [0][-]{chapter.2}{Project Aims and Objectives}{}% 2
\BOOKMARK [0][-]{chapter.3}{Methods and Theory}{}% 3
\BOOKMARK [1][-]{section.3.1}{Nekkloud, libhpc and TemPSS}{chapter.3}% 4
\BOOKMARK [2][-]{subsection.3.1.1}{Design of TemPSS}{section.3.1}% 5
\BOOKMARK [2][-]{subsection.3.1.2}{Input to Output}{section.3.1}% 6
\BOOKMARK [1][-]{section.3.2}{Template Tree Design}{chapter.3}% 7
\BOOKMARK [2][-]{subsection.3.2.1}{Problem Specification}{section.3.2}% 8
\BOOKMARK [2][-]{subsection.3.2.2}{Numerical Specification}{section.3.2}% 9
\BOOKMARK [2][-]{subsection.3.2.3}{Additional Parameters}{section.3.2}% 10
\BOOKMARK [2][-]{subsection.3.2.4}{Advanced Parameters}{section.3.2}% 11
\BOOKMARK [2][-]{subsection.3.2.5}{Optimsation}{section.3.2}% 12
\BOOKMARK [1][-]{section.3.3}{Testing of the Interface}{chapter.3}% 13
\BOOKMARK [2][-]{subsection.3.3.1}{Recommendations and Actions}{section.3.3}% 14
\BOOKMARK [0][-]{chapter.4}{Constraints}{}% 15
\BOOKMARK [1][-]{subsection.4.0.1}{Direct Constraints}{chapter.4}% 16
\BOOKMARK [2][-]{subsection.4.0.2}{Indirect Constraints}{subsection.4.0.1}% 17
\BOOKMARK [1][-]{section.4.1}{Mapping Constraints}{chapter.4}% 18
\BOOKMARK [2][-]{subsection.4.1.1}{Dimensions, Solver Type, and Field}{section.4.1}% 19
\BOOKMARK [2][-]{subsection.4.1.2}{Geometry and Boundary Conditions}{section.4.1}% 20
\BOOKMARK [2][-]{subsection.4.1.3}{Simulation Parameters}{section.4.1}% 21
\BOOKMARK [2][-]{subsection.4.1.4}{Equation Type and Simulation Parameters}{section.4.1}% 22
\BOOKMARK [2][-]{subsection.4.1.5}{Timing Details}{section.4.1}% 23
\BOOKMARK [2][-]{subsection.4.1.6}{Driver Type}{section.4.1}% 24
\BOOKMARK [2][-]{subsection.4.1.7}{Evolution Operators}{section.4.1}% 25
\BOOKMARK [1][-]{section.4.2}{Constraints Graph}{chapter.4}% 26
\BOOKMARK [0][-]{chapter.5}{Testing and Results}{}% 27
\BOOKMARK [1][-]{section.5.1}{NACA Aerofoil}{chapter.5}% 28
\BOOKMARK [1][-]{section.5.2}{T106a Quasi-3D Turbine Blade}{chapter.5}% 29
\BOOKMARK [1][-]{section.5.3}{Turbulent Pipe Flow}{chapter.5}% 30
\BOOKMARK [0][-]{chapter.6}{Conclusion and Further Work}{}% 31
\BOOKMARK [1][-]{section.6.1}{Conclusion}{chapter.6}% 32
\BOOKMARK [1][-]{section.6.2}{Further Work and Recommendations}{chapter.6}% 33
\BOOKMARK [2][-]{subsection.6.2.1}{Development of Nekkloud/Nektar++ Eco-System}{section.6.2}% 34
\BOOKMARK [2][-]{subsection.6.2.2}{Creation of Additional Templates}{section.6.2}% 35
\BOOKMARK [2][-]{subsection.6.2.3}{Partial Profiles}{section.6.2}% 36
\BOOKMARK [0][-]{appendix.A}{TemPSS Tree Listing}{}% 37
\BOOKMARK [0][-]{appendix.B}{Interactive Constraint Visualiser}{}% 38
\BOOKMARK [0][-]{appendix.C}{NACA65 - Drag and Lift Force Measurement Comparison}{}% 39
\BOOKMARK [0][-]{appendix.D}{T106a - Drag and Lift Force Measurement Comparison}{}% 40
\BOOKMARK [0][-]{appendix.E}{Test TemPSS User Remarks}{}% 41
\BOOKMARK [1][-]{section.E.1}{User 1}{appendix.E}% 42
\BOOKMARK [1][-]{section.E.2}{User 2}{appendix.E}% 43
\BOOKMARK [1][-]{section.E.3}{User 3}{appendix.E}% 44
